0 info it worked if it ends with ok
1 verbose cli [ 'C:\\Program Files\\nodejs\\node.exe',
1 verbose cli   'C:\\Program Files\\nodejs\\node_modules\\npm\\bin\\npm-cli.js',
1 verbose cli   'run',
1 verbose cli   'build' ]
2 info using npm@3.10.10
3 info using node@v6.11.0
4 verbose run-script [ 'prebuild', 'build', 'postbuild' ]
5 info lifecycle zadanie_czat@1.0.0~prebuild: zadanie_czat@1.0.0
6 silly lifecycle zadanie_czat@1.0.0~prebuild: no script for prebuild, continuing
7 info lifecycle zadanie_czat@1.0.0~build: zadanie_czat@1.0.0
8 verbose lifecycle zadanie_czat@1.0.0~build: unsafe-perm in lifecycle true
9 verbose lifecycle zadanie_czat@1.0.0~build: PATH: C:\Program Files\nodejs\node_modules\npm\bin\node-gyp-bin;C:\Users\Samsung-pc\Documents\kodilla\Zadanie_18a\node_modules\.bin;C:\Users\Samsung-pc\AppData\Roaming\npm;C:\Program Files\nodejs\;C:\ProgramData\Oracle\Java\javapath;C:\Program Files (x86)\NVIDIA Corporation\PhysX\Common;C:\Program Files (x86)\Intel\iCLS Client\;C:\Program Files\Intel\iCLS Client\;C:\WINDOWS\system32;C:\WINDOWS;C:\WINDOWS\System32\Wbem;C:\WINDOWS\System32\WindowsPowerShell\v1.0\;C:\Program Files (x86)\Intel\OpenCL SDK\2.0\bin\x86;C:\Program Files (x86)\Intel\OpenCL SDK\2.0\bin\x64;C:\Program Files (x86)\Windows Live\Shared;c:\Program Files (x86)\Microsoft SQL Server\100\Tools\Binn\VSShell\Common7\IDE\;c:\Program Files (x86)\Microsoft SQL Server\100\Tools\Binn\;c:\Program Files\Microsoft SQL Server\100\Tools\Binn\;c:\Program Files (x86)\Microsoft SQL Server\100\DTS\Binn\;c:\Program Files\Microsoft SQL Server\100\DTS\Binn\;C:\Program Files (x86)\Intel\Intel(R) Management Engine Components\DAL;C:\Program Files\Intel\Intel(R) Management Engine Components\DAL;C:\Program Files (x86)\Intel\Intel(R) Management Engine Components\IPT;C:\Program Files\Intel\Intel(R) Management Engine Components\IPT;C:\Program Files\Git\cmd;C:\Program Files (x86)\Skype\Phone\;C:\Program Files\nodejs\;C:\Ruby22-x64\bin;C:\Users\Samsung-pc\AppData\Local\Microsoft\WindowsApps;C:\Users\Samsung-pc\AppData\Roaming\npm;
10 verbose lifecycle zadanie_czat@1.0.0~build: CWD: C:\Users\Samsung-pc\Documents\kodilla\Zadanie_18a
11 silly lifecycle zadanie_czat@1.0.0~build: Args: [ '/d /s /c', 'NODE_ENV=production webpack' ]
12 silly lifecycle zadanie_czat@1.0.0~build: Returned: code: 1  signal: null
13 info lifecycle zadanie_czat@1.0.0~build: Failed to exec build script
14 verbose stack Error: zadanie_czat@1.0.0 build: `NODE_ENV=production webpack`
14 verbose stack Exit status 1
14 verbose stack     at EventEmitter.<anonymous> (C:\Program Files\nodejs\node_modules\npm\lib\utils\lifecycle.js:255:16)
14 verbose stack     at emitTwo (events.js:106:13)
14 verbose stack     at EventEmitter.emit (events.js:191:7)
14 verbose stack     at ChildProcess.<anonymous> (C:\Program Files\nodejs\node_modules\npm\lib\utils\spawn.js:40:14)
14 verbose stack     at emitTwo (events.js:106:13)
14 verbose stack     at ChildProcess.emit (events.js:191:7)
14 verbose stack     at maybeClose (internal/child_process.js:891:16)
14 verbose stack     at Process.ChildProcess._handle.onexit (internal/child_process.js:226:5)
15 verbose pkgid zadanie_czat@1.0.0
16 verbose cwd C:\Users\Samsung-pc\Documents\kodilla\Zadanie_18a
17 error Windows_NT 10.0.15063
18 error argv "C:\\Program Files\\nodejs\\node.exe" "C:\\Program Files\\nodejs\\node_modules\\npm\\bin\\npm-cli.js" "run" "build"
19 error node v6.11.0
20 error npm  v3.10.10
21 error code ELIFECYCLE
22 error zadanie_czat@1.0.0 build: `NODE_ENV=production webpack`
22 error Exit status 1
23 error Failed at the zadanie_czat@1.0.0 build script 'NODE_ENV=production webpack'.
23 error Make sure you have the latest version of node.js and npm installed.
23 error If you do, this is most likely a problem with the zadanie_czat package,
23 error not with npm itself.
23 error Tell the author that this fails on your system:
23 error     NODE_ENV=production webpack
23 error You can get information on how to open an issue for this project with:
23 error     npm bugs zadanie_czat
23 error Or if that isn't available, you can get their info via:
23 error     npm owner ls zadanie_czat
23 error There is likely additional logging output above.
24 verbose exit [ 1, true ]
